<?xml version="1.0" encoding="UTF-8" ?>
<testsuite tests="5" failures="0" name="br.ce.cucumberferrer.runners.RunnerTest" time="0.202" errors="0" skipped="0">
  <properties>
[...]
</properties>
  <testcase classname="Alugar filme" name="Deve alugar um filme com sucesso" time="0.148"/>
  <testcase classname="Alugar filme" name="Deve dar condições conforme tipo de aluguel" time="0.019"/>
  <testcase classname="Alugar filme" name="Deve dar condições conforme tipo de aluguel" time="0.018"/>
  <testcase classname="Alugar filme" name="Deve dar condições conforme tipo de aluguel" time="0.013"/>
  <testcase classname="Alugar filme" name="Não deve alugar filme sem estoque" time="0.004"/>
</testsuite>